SF:lib\account_setup\blocs\sign_up\sign_up_event.dart
DA:4,30
DA:6,4
DA:7,4
DA:11,5
DA:15,2
DA:16,4
DA:20,6
DA:24,4
DA:28,2
DA:29,4
DA:33,5
LF:11
LH:11
end_of_record
SF:lib\account_setup\blocs\sign_up\sign_up_bloc.dart
DA:14,4
DA:19,1
DA:22,1
DA:23,3
DA:24,1
DA:25,3
DA:26,1
DA:27,3
DA:28,1
DA:29,3
DA:30,1
DA:31,3
DA:35,1
DA:36,2
DA:38,1
DA:40,2
DA:44,1
DA:45,2
DA:47,1
DA:50,1
DA:52,2
DA:53,2
DA:54,2
DA:56,2
DA:58,1
DA:60,2
DA:64,1
DA:66,2
DA:68,1
DA:71,1
DA:73,2
DA:76,3
DA:77,4
DA:79,2
DA:84,2
LF:35
LH:35
end_of_record
SF:lib\account_setup\blocs\sign_up\sign_up_state.dart
DA:4,34
DA:20,4
DA:28,4
DA:29,4
DA:30,4
DA:31,4
DA:32,3
DA:33,3
DA:34,3
DA:39,2
DA:40,2
DA:41,2
DA:42,2
DA:43,2
DA:44,2
DA:45,2
DA:46,2
LF:17
LH:17
end_of_record
SF:lib\account_setup\models\name_field.dart
DA:3,25
DA:6,27
DA:8,9
DA:10,5
DA:12,5
DA:13,10
LF:6
LH:6
end_of_record
SF:lib\account_setup\models\nick_name_field.dart
DA:3,25
DA:6,28
DA:8,10
DA:10,3
DA:12,6
LF:5
LH:5
end_of_record
SF:lib\consts.dart
DA:13,21
DA:14,7
DA:18,7
DA:19,7
DA:21,7
DA:25,7
DA:26,7
DA:28,7
DA:32,7
DA:33,7
DA:35,7
DA:38,7
DA:39,7
LF:13
LH:13
end_of_record
SF:lib\affirmations\blocs\affirmations\affirmations_event.dart
DA:4,4
DA:8,3
DA:13,2
DA:14,6
DA:18,3
DA:24,2
DA:25,8
DA:29,2
DA:32,1
DA:33,2
DA:37,3
DA:40,2
DA:41,4
LF:13
LH:13
end_of_record
SF:lib\affirmations\blocs\affirmations\affirmations_bloc.dart
DA:13,1
DA:16,2
DA:22,1
DA:25,1
DA:26,3
DA:27,1
DA:28,3
DA:29,1
DA:30,3
DA:31,1
DA:32,3
DA:36,1
DA:38,1
DA:39,3
DA:40,1
DA:41,1
DA:42,2
DA:43,2
DA:46,1
DA:47,1
DA:48,1
DA:51,1
DA:54,1
DA:56,3
DA:57,3
DA:58,2
DA:60,1
DA:62,2
DA:65,1
DA:67,3
DA:68,3
DA:69,2
DA:71,1
DA:73,2
DA:76,1
DA:78,3
DA:79,3
DA:80,1
DA:81,1
DA:82,1
DA:85,1
DA:87,2
DA:92,0
DA:93,0
DA:95,0
DA:97,0
DA:98,0
DA:99,0
DA:101,0
DA:105,0
DA:108,0
DA:109,0
DA:110,0
DA:111,0
LF:54
LH:42
end_of_record
SF:lib\affirmations\blocs\affirmations\affirmations_state.dart
DA:4,5
DA:10,2
DA:13,2
DA:14,1
DA:18,2
DA:19,4
LF:6
LH:6
end_of_record
SF:lib\account_setup\widgets\app_summary_screen.dart
DA:12,2
DA:20,1
DA:25,3
DA:27,1
DA:28,1
DA:29,1
DA:31,1
DA:38,1
DA:40,1
DA:41,1
DA:43,1
DA:44,1
DA:45,1
DA:46,1
DA:48,1
DA:49,1
DA:50,1
DA:54,3
DA:55,1
DA:61,1
DA:65,1
DA:68,1
DA:80,1
DA:82,1
DA:83,1
DA:84,3
DA:85,1
DA:86,2
DA:87,1
DA:88,2
DA:90,1
DA:94,1
DA:95,1
DA:96,1
DA:98,1
DA:101,1
DA:102,2
DA:105,1
DA:107,1
DA:108,3
DA:110,1
DA:112,1
DA:124,1
DA:126,1
DA:127,1
DA:128,1
DA:130,1
DA:132,4
DA:137,1
DA:138,1
DA:139,1
DA:141,8
DA:142,1
DA:146,1
DA:158,2
DA:160,1
DA:161,1
DA:215,1
DA:220,1
DA:222,1
DA:223,1
DA:225,1
DA:234,0
DA:235,0
DA:237,0
DA:241,0
DA:246,0
DA:248,0
DA:249,0
DA:251,0
DA:257,0
DA:261,0
DA:262,0
DA:264,0
DA:268,0
DA:269,0
DA:270,0
DA:271,0
DA:272,0
DA:273,0
DA:274,0
DA:275,0
DA:276,0
DA:277,0
DA:278,0
DA:283,0
DA:284,0
DA:285,0
DA:286,0
DA:287,0
DA:288,0
DA:289,0
DA:293,0
DA:296,0
DA:301,1
DA:303,2
DA:304,1
DA:305,4
DA:306,4
DA:307,0
DA:308,0
DA:312,2
DA:313,1
DA:316,1
DA:318,1
DA:320,1
DA:321,1
DA:327,20
DA:330,20
LF:109
LH:75
end_of_record
SF:lib\blocs\authentication\authentication_state.dart
DA:3,20
DA:6,22
DA:11,21
DA:13,2
DA:14,2
DA:16,20
DA:17,0
DA:24,0
DA:25,0
LF:9
LH:6
end_of_record
SF:lib\blocs\authentication\authentication_bloc.dart
DA:13,0
DA:16,0
DA:19,0
DA:20,0
DA:21,0
DA:22,0
DA:26,0
DA:28,0
DA:29,0
DA:31,0
DA:32,0
DA:34,0
DA:38,0
DA:41,0
DA:43,0
DA:46,0
DA:48,0
DA:49,0
DA:51,0
DA:55,0
DA:56,0
DA:57,0
DA:58,0
LF:23
LH:0
end_of_record
SF:lib\blocs\authentication\authentication_event.dart
DA:4,1
DA:6,0
DA:7,0
DA:11,1
DA:19,1
DA:20,3
LF:6
LH:4
end_of_record
SF:lib\positive_affirmations_keys.dart
DA:37,10
DA:38,4
DA:39,6
DA:40,4
DA:41,6
DA:42,4
DA:43,6
DA:44,4
DA:45,6
DA:46,4
DA:47,6
DA:48,4
DA:49,6
DA:66,10
DA:67,2
DA:68,3
DA:69,2
DA:70,3
DA:71,5
DA:72,0
DA:73,0
DA:75,0
DA:77,0
DA:79,0
DA:81,0
DA:83,2
DA:84,3
DA:85,0
DA:89,6
DA:103,2
DA:104,3
DA:105,2
DA:106,3
DA:109,2
DA:110,3
DA:113,2
DA:114,3
DA:115,2
DA:116,3
DA:117,2
DA:118,3
DA:119,0
DA:121,2
DA:122,3
DA:123,2
DA:124,3
DA:125,2
DA:126,3
LF:48
LH:40
end_of_record
SF:lib\positive_affirmations_theme.dart
DA:4,15
DA:6,3
DA:7,3
DA:9,6
DA:15,3
DA:16,3
DA:18,3
DA:19,3
DA:20,3
DA:23,3
DA:24,3
DA:25,3
DA:26,3
DA:29,3
DA:30,3
DA:31,3
DA:37,3
DA:38,3
DA:41,3
DA:44,3
DA:48,3
DA:50,3
DA:55,3
LF:23
LH:23
end_of_record
SF:lib\account_setup\widgets\name_form.dart
DA:11,9
DA:13,6
DA:15,3
DA:16,12
DA:20,3
DA:21,3
DA:23,3
DA:30,6
DA:31,3
DA:32,3
DA:34,6
DA:35,3
DA:36,9
DA:37,3
DA:38,3
DA:41,3
DA:45,3
DA:50,3
DA:52,3
DA:53,3
DA:54,3
DA:55,3
DA:56,3
DA:58,3
DA:60,3
DA:61,3
DA:63,3
DA:65,3
DA:75,1
DA:77,1
DA:79,1
DA:84,3
DA:86,3
DA:87,3
DA:88,3
DA:90,3
DA:91,9
DA:92,3
DA:94,6
DA:95,3
LF:40
LH:40
end_of_record
SF:lib\account_setup\widgets\nick_name_form_screen.dart
DA:10,3
DA:18,2
DA:22,6
DA:25,2
DA:26,2
DA:27,2
DA:29,2
LF:7
LH:7
end_of_record
SF:lib\account_setup\widgets\name_form_screen.dart
DA:15,1
DA:18,1
DA:20,1
DA:21,2
DA:22,1
DA:24,1
LF:6
LH:6
end_of_record
SF:lib\account_setup\widgets\nick_name_form.dart
DA:11,6
DA:13,2
DA:15,2
DA:16,2
DA:17,2
DA:18,2
DA:19,2
DA:21,2
DA:23,2
DA:24,2
DA:26,2
DA:28,2
DA:30,2
DA:40,2
DA:42,2
DA:43,2
DA:44,2
DA:46,2
DA:48,8
DA:53,2
DA:54,2
DA:57,2
DA:58,6
DA:59,2
DA:62,2
DA:80,1
DA:82,1
DA:87,2
DA:89,2
DA:90,2
DA:91,2
DA:93,1
DA:94,3
DA:95,2
DA:97,4
DA:98,3
DA:108,2
DA:110,2
DA:111,2
DA:112,2
DA:115,8
DA:116,2
DA:117,6
DA:118,2
DA:119,2
DA:122,2
DA:126,2
DA:134,2
DA:136,2
DA:138,3
DA:139,2
LF:51
LH:51
end_of_record
SF:lib\affirmations\blocs\affirmation_form\affirmation_form_bloc.dart
DA:17,2
DA:20,4
DA:22,2
DA:23,2
DA:25,2
DA:26,2
DA:33,1
DA:36,1
DA:37,3
DA:38,1
DA:39,3
DA:40,1
DA:41,3
DA:45,1
DA:47,2
DA:48,1
DA:50,2
DA:52,1
DA:57,1
DA:59,2
DA:60,1
DA:62,2
DA:63,1
DA:69,1
DA:71,2
DA:72,2
DA:74,1
DA:75,1
DA:76,6
DA:78,3
DA:79,6
DA:81,2
LF:32
LH:32
end_of_record
SF:lib\affirmations\blocs\affirmation_form\affirmation_form_event.dart
DA:4,3
DA:8,3
DA:12,2
DA:13,4
DA:17,3
DA:21,2
DA:22,4
DA:26,2
DA:27,2
LF:9
LH:9
end_of_record
SF:lib\affirmations\blocs\affirmation_form\affirmation_form_state.dart
DA:4,5
DA:14,2
DA:19,2
DA:20,2
DA:21,2
DA:22,1
DA:26,2
DA:27,8
LF:8
LH:8
end_of_record
SF:lib\affirmations\models\subtitle_field.dart
DA:3,20
DA:6,26
DA:8,8
DA:10,3
DA:12,6
LF:5
LH:5
end_of_record
SF:lib\affirmations\models\title_field.dart
DA:3,20
DA:6,26
DA:8,8
DA:10,3
DA:12,3
DA:13,6
LF:6
LH:6
end_of_record
SF:lib\affirmations\blocs\apptab\apptab_bloc.dart
DA:8,21
DA:11,2
DA:14,1
DA:17,1
DA:18,5
LF:5
LH:5
end_of_record
SF:lib\affirmations\blocs\apptab\apptab_event.dart
DA:4,1
DA:10,2
DA:12,1
DA:13,2
DA:15,0
DA:16,0
LF:6
LH:4
end_of_record
SF:lib\affirmations\widgets\affirmation_detail_screen.dart
DA:12,1
DA:24,1
DA:28,3
DA:31,1
DA:32,1
DA:33,1
DA:34,1
DA:35,1
DA:37,1
DA:38,0
DA:39,0
DA:41,1
DA:42,2
DA:43,3
DA:45,1
DA:46,1
DA:47,2
DA:48,3
DA:49,0
DA:50,0
DA:51,0
DA:53,0
DA:55,0
DA:59,1
DA:63,2
DA:70,1
DA:79,1
DA:83,1
DA:84,1
DA:89,1
DA:91,1
DA:92,1
DA:93,1
DA:96,1
DA:97,1
DA:98,1
DA:99,1
DA:100,1
DA:101,6
DA:102,1
DA:103,1
DA:107,2
DA:108,3
DA:112,1
DA:113,1
DA:114,1
DA:115,1
DA:116,1
DA:117,6
DA:118,1
DA:119,1
DA:120,2
DA:121,3
DA:126,1
DA:127,1
DA:128,0
DA:129,0
DA:130,1
DA:131,1
DA:132,1
DA:133,6
DA:134,2
DA:135,3
DA:140,1
DA:141,1
DA:142,3
DA:144,5
DA:147,1
DA:148,1
DA:149,2
DA:150,3
DA:151,1
DA:152,1
DA:153,2
DA:155,1
LF:75
LH:66
end_of_record
SF:lib\affirmations\widgets\affirmation_form_screen.dart
DA:14,2
DA:28,2
DA:32,6
DA:35,2
DA:36,2
DA:37,4
DA:38,2
DA:39,1
DA:40,1
DA:42,1
DA:43,2
DA:44,1
DA:45,1
DA:48,2
DA:50,2
DA:51,2
DA:54,2
DA:55,1
DA:56,2
DA:57,2
DA:58,2
DA:59,0
DA:60,0
DA:62,2
DA:65,4
DA:72,2
DA:80,2
DA:81,2
DA:84,2
DA:90,2
DA:91,2
DA:94,2
DA:100,2
DA:102,4
DA:104,2
DA:105,2
DA:106,2
DA:107,2
DA:108,2
DA:110,2
DA:112,2
DA:113,2
DA:115,2
DA:116,3
DA:117,2
DA:120,2
DA:122,5
DA:124,2
DA:125,3
DA:127,3
DA:129,3
DA:140,2
DA:145,2
DA:146,6
DA:150,2
DA:157,2
DA:159,6
DA:160,2
DA:163,1
DA:165,1
DA:167,1
DA:172,2
DA:174,2
DA:175,2
DA:176,2
DA:178,2
DA:179,2
DA:181,1
DA:182,1
DA:183,2
DA:185,2
DA:187,4
DA:188,3
DA:198,2
DA:202,2
DA:203,4
DA:207,2
DA:212,2
DA:214,6
DA:215,2
DA:218,1
DA:220,1
DA:225,2
DA:227,2
DA:228,2
DA:229,2
DA:231,2
DA:233,1
DA:234,1
DA:235,2
DA:237,4
DA:238,4
DA:240,0
DA:241,0
DA:242,0
DA:243,0
DA:245,2
DA:247,4
DA:248,3
DA:258,2
DA:260,2
DA:261,2
DA:262,2
DA:264,4
DA:265,4
DA:267,1
DA:268,1
DA:269,2
DA:270,2
DA:272,2
DA:280,1
DA:284,1
DA:286,1
DA:287,2
DA:288,2
DA:290,1
DA:292,1
DA:301,1
DA:305,1
DA:307,1
DA:308,4
DA:310,1
DA:312,1
LF:123
LH:117
end_of_record
SF:lib\affirmations\widgets\likes_span.dart
DA:5,3
DA:13,3
DA:15,3
DA:16,9
DA:17,3
LF:5
LH:5
end_of_record
SF:lib\affirmations\widgets\affirmations_home_screen.dart
DA:14,2
DA:20,2
DA:22,2
DA:23,2
DA:26,1
DA:27,1
DA:29,0
DA:35,2
DA:37,2
DA:38,2
DA:39,2
DA:40,2
DA:41,2
DA:42,2
DA:43,2
DA:47,2
DA:48,2
DA:49,4
DA:52,2
DA:55,1
DA:56,1
DA:57,2
DA:60,1
DA:66,2
DA:67,2
DA:69,0
DA:70,0
DA:76,2
DA:77,2
DA:78,2
DA:82,3
DA:84,1
DA:85,0
DA:86,0
LF:34
LH:29
end_of_record
SF:lib\affirmations\widgets\affirmations_list.dart
DA:14,4
DA:16,2
DA:18,2
DA:23,2
DA:25,2
DA:26,2
DA:27,4
DA:28,1
DA:30,2
DA:31,4
DA:32,4
DA:33,4
DA:42,2
DA:49,2
DA:51,2
DA:52,10
DA:54,2
DA:55,4
DA:56,10
DA:57,2
DA:62,2
DA:64,2
DA:65,8
DA:67,2
DA:68,4
DA:69,4
DA:70,6
DA:73,2
DA:74,2
DA:75,2
DA:76,4
DA:77,6
DA:79,2
DA:80,2
DA:81,6
DA:82,4
DA:83,6
DA:84,2
DA:88,2
DA:89,4
DA:90,4
DA:98,2
DA:102,2
DA:105,2
DA:106,2
DA:107,2
DA:108,4
DA:109,6
DA:110,1
DA:111,1
DA:112,4
DA:114,2
DA:116,2
DA:139,2
DA:141,2
DA:142,4
DA:149,2
DA:159,2
DA:167,2
DA:169,2
DA:170,2
DA:171,2
DA:172,4
DA:173,6
DA:174,1
DA:175,1
DA:176,2
DA:178,2
DA:180,2
DA:184,2
DA:190,2
DA:192,2
DA:194,2
DA:198,2
DA:208,1
DA:209,2
DA:212,1
DA:214,1
DA:215,1
DA:216,1
DA:220,1
DA:221,1
DA:223,1
DA:226,1
DA:230,1
DA:231,1
DA:235,1
DA:238,1
DA:241,1
DA:242,1
DA:243,1
DA:244,1
DA:245,2
DA:248,1
DA:251,1
LF:95
LH:95
end_of_record
SF:lib\affirmations\widgets\app_navigator.dart
DA:12,2
DA:16,2
DA:18,2
DA:20,6
DA:29,2
DA:34,2
DA:36,4
DA:37,2
DA:40,2
DA:42,2
DA:43,2
DA:45,2
DA:46,2
DA:50,2
DA:51,2
DA:54,2
DA:57,2
DA:59,2
DA:60,2
DA:65,2
DA:66,2
DA:68,2
DA:69,2
DA:73,2
DA:74,1
DA:77,2
DA:80,2
DA:82,2
DA:83,1
DA:89,0
DA:90,0
DA:92,0
DA:101,2
DA:103,2
DA:104,0
DA:105,2
DA:106,6
DA:107,2
DA:108,2
DA:109,6
DA:110,2
DA:112,2
DA:113,2
DA:114,0
DA:115,0
DA:118,4
DA:119,2
DA:120,2
LF:48
LH:42
end_of_record
SF:lib\profile\widgets\profile_details_body.dart
DA:12,2
DA:13,2
DA:17,2
DA:19,2
DA:21,2
DA:22,2
DA:26,2
DA:27,1
DA:28,1
DA:33,2
DA:34,0
DA:41,2
DA:43,2
DA:44,2
DA:45,6
DA:46,2
DA:47,8
DA:48,6
DA:49,4
DA:50,2
DA:51,6
DA:52,2
DA:56,1
DA:57,4
LF:24
LH:23
end_of_record
SF:lib\nav_observer.dart
DA:11,4
DA:13,4
DA:14,6
DA:18,2
DA:20,2
DA:21,4
DA:25,3
DA:26,6
DA:27,9
DA:30,3
DA:35,2
DA:36,4
DA:37,6
DA:40,2
LF:14
LH:14
end_of_record
SF:lib\positive_affirmations_routes.dart
DA:10,5
DA:12,5
DA:13,0
DA:14,4
DA:15,2
DA:16,0
DA:17,2
DA:18,0
LF:8
LH:5
end_of_record
SF:lib\profile\blocs\profile_tab\profile_tab_bloc.dart
DA:8,21
DA:11,2
DA:14,1
DA:17,1
DA:18,5
LF:5
LH:5
end_of_record
SF:lib\profile\blocs\profile_tab\profile_tab_event.dart
DA:4,1
DA:8,2
DA:12,1
DA:13,2
LF:4
LH:4
end_of_record
